<?xml version="1.0" encoding="UTF-8"?>
<testng-results ignored="0" total="0" passed="0" failed="0" skipped="0">
  <reporter-output>
  </reporter-output>
  <suite started-at="2024-02-10T00:46:38 IST" name="Mobile" finished-at="2024-02-10T00:46:38 IST" duration-ms="101">
    <groups>
    </groups>
    <test started-at="2024-02-10T00:46:38 IST" name="iOSApp 1" finished-at="2024-02-10T00:46:38 IST" duration-ms="11">
    </test> <!-- iOSApp 1 -->
    <test started-at="2024-02-10T00:46:38 IST" name="iOSApp 2" finished-at="2024-02-10T00:46:38 IST" duration-ms="1">
    </test> <!-- iOSApp 2 -->
  </suite> <!-- Mobile -->
</testng-results>
